2017-03-20 17:14:19,296 [INFO]: loading data
2017-03-20 17:14:29,506 [INFO]: Dataset summary
2017-03-20 17:14:29,506 [INFO]: #13584 training items with #28617 training links
2017-03-20 17:14:29,506 [INFO]: #3396 testing items with #14273 testing links
2017-03-20 17:14:29,509 [INFO]: initializing logist model
2017-03-20 17:16:22,866 [INFO]: [#epoch=000000], loss=26537.43630, ave_rank=7853.7244, ave_auc=0.5619
2017-03-20 17:18:11,194 [INFO]: [#epoch=000001], loss=11772.00829, ave_rank=6367.1560, ave_auc=0.6467
2017-03-20 17:19:57,895 [INFO]: [#epoch=000002], loss=5194.09749, ave_rank=5210.9098, ave_auc=0.7110
2017-03-20 17:21:48,587 [INFO]: [#epoch=000003], loss=3618.98802, ave_rank=4376.5618, ave_auc=0.7567
2017-03-20 17:23:35,487 [INFO]: [#epoch=000004], loss=3564.77398, ave_rank=3784.6235, ave_auc=0.7888
2017-03-20 17:25:19,782 [INFO]: [#epoch=000005], loss=3742.50771, ave_rank=3361.2601, ave_auc=0.8115
2017-03-20 17:27:02,497 [INFO]: [#epoch=000006], loss=3883.86479, ave_rank=3054.1199, ave_auc=0.8278
2017-03-20 17:28:51,391 [INFO]: [#epoch=000007], loss=3951.71770, ave_rank=2827.7879, ave_auc=0.8397
2017-03-20 17:30:34,704 [INFO]: [#epoch=000008], loss=3953.06314, ave_rank=2658.0778, ave_auc=0.8486
2017-03-20 17:32:24,208 [INFO]: [#epoch=000009], loss=3900.81247, ave_rank=2529.0481, ave_auc=0.8554
2017-03-20 19:56:12,199 [INFO]: [#epoch=000010], loss=3809.13477, ave_rank=2429.5776, ave_auc=0.8606
2017-03-20 19:58:05,937 [INFO]: [#epoch=000011], loss=3691.62207, ave_rank=2352.0246, ave_auc=0.8647
2017-03-20 19:59:56,717 [INFO]: [#epoch=000012], loss=3559.16254, ave_rank=2290.9500, ave_auc=0.8680
2017-03-20 20:01:45,984 [INFO]: [#epoch=000013], loss=3418.96071, ave_rank=2242.4083, ave_auc=0.8706
2017-03-20 20:03:29,854 [INFO]: [#epoch=000014], loss=3275.37950, ave_rank=2203.4026, ave_auc=0.8727
2017-03-20 20:05:11,851 [INFO]: [#epoch=000015], loss=3131.66890, ave_rank=2171.9177, ave_auc=0.8744
2017-03-20 20:06:56,139 [INFO]: [#epoch=000016], loss=2991.02219, ave_rank=2146.1480, ave_auc=0.8759
2017-03-20 20:08:41,091 [INFO]: [#epoch=000017], loss=2856.30852, ave_rank=2124.9208, ave_auc=0.8771
2017-03-20 20:10:23,769 [INFO]: [#epoch=000018], loss=2729.34675, ave_rank=2107.1760, ave_auc=0.8782
2017-03-20 20:16:48,456 [INFO]: [#epoch=000019], loss=2610.55014, ave_rank=2092.1856, ave_auc=0.8791
2017-03-20 20:18:41,920 [INFO]: [#epoch=000020], loss=2499.43756, ave_rank=2079.2557, ave_auc=0.8799
2017-03-20 20:20:27,685 [INFO]: [#epoch=000021], loss=2395.43340, ave_rank=2067.8197, ave_auc=0.8806
2017-03-20 20:22:25,836 [INFO]: [#epoch=000022], loss=2298.15005, ave_rank=2057.5940, ave_auc=0.8813
2017-03-20 20:24:10,521 [INFO]: [#epoch=000023], loss=2207.23650, ave_rank=2048.0745, ave_auc=0.8820
2017-03-20 20:26:06,803 [INFO]: [#epoch=000024], loss=2122.20113, ave_rank=2039.2330, ave_auc=0.8826
2017-03-20 20:28:01,387 [INFO]: [#epoch=000025], loss=2042.42356, ave_rank=2030.4239, ave_auc=0.8832
2017-03-20 20:29:47,083 [INFO]: [#epoch=000026], loss=1967.34306, ave_rank=2021.7393, ave_auc=0.8838
2017-03-20 20:31:31,392 [INFO]: [#epoch=000027], loss=1896.65003, ave_rank=2012.9660, ave_auc=0.8844
2017-03-20 20:33:16,057 [INFO]: [#epoch=000028], loss=1830.26433, ave_rank=2003.9613, ave_auc=0.8851
2017-03-20 20:34:59,035 [INFO]: [#epoch=000029], loss=1768.10853, ave_rank=1994.7830, ave_auc=0.8857
2017-03-20 20:36:42,004 [INFO]: [#epoch=000030], loss=1709.90963, ave_rank=1985.2768, ave_auc=0.8863
2017-03-20 20:38:28,571 [INFO]: [#epoch=000031], loss=1655.22452, ave_rank=1975.5049, ave_auc=0.8870
2017-03-20 20:40:12,776 [INFO]: [#epoch=000032], loss=1603.64690, ave_rank=1965.3377, ave_auc=0.8876
2017-03-20 20:41:58,486 [INFO]: [#epoch=000033], loss=1554.97350, ave_rank=1954.8789, ave_auc=0.8882
2017-03-20 20:43:43,058 [INFO]: [#epoch=000034], loss=1509.16714, ave_rank=1944.1501, ave_auc=0.8889
2017-03-20 20:45:28,082 [INFO]: [#epoch=000035], loss=1466.19169, ave_rank=1933.2744, ave_auc=0.8895
2017-03-20 20:47:12,386 [INFO]: [#epoch=000036], loss=1425.90924, ave_rank=1922.1681, ave_auc=0.8902
2017-03-20 20:48:57,578 [INFO]: [#epoch=000037], loss=1388.12611, ave_rank=1910.9712, ave_auc=0.8908
2017-03-20 20:50:42,216 [INFO]: [#epoch=000038], loss=1352.69903, ave_rank=1899.8943, ave_auc=0.8914
2017-03-20 20:52:27,151 [INFO]: [#epoch=000039], loss=1319.56036, ave_rank=1888.8161, ave_auc=0.8921
2017-03-20 20:59:38,831 [INFO]: [#epoch=000040], loss=1288.63717, ave_rank=1877.8962, ave_auc=0.8927
2017-03-20 21:01:39,221 [INFO]: [#epoch=000041], loss=1259.76950, ave_rank=1867.1073, ave_auc=0.8933
2017-03-20 21:03:28,146 [INFO]: [#epoch=000042], loss=1232.72341, ave_rank=1856.4377, ave_auc=0.8939
2017-03-20 21:05:11,457 [INFO]: [#epoch=000043], loss=1207.27404, ave_rank=1845.9046, ave_auc=0.8945
2017-03-20 21:06:54,406 [INFO]: [#epoch=000044], loss=1183.25972, ave_rank=1835.6295, ave_auc=0.8951
2017-03-20 21:08:39,024 [INFO]: [#epoch=000045], loss=1160.55984, ave_rank=1825.6412, ave_auc=0.8956
2017-03-20 21:10:24,668 [INFO]: [#epoch=000046], loss=1139.04629, ave_rank=1815.9561, ave_auc=0.8962
2017-03-20 21:12:08,989 [INFO]: [#epoch=000047], loss=1118.57746, ave_rank=1806.5098, ave_auc=0.8967
2017-03-20 21:14:03,172 [INFO]: [#epoch=000048], loss=1099.03828, ave_rank=1797.3666, ave_auc=0.8972
2017-03-20 21:15:50,780 [INFO]: [#epoch=000049], loss=1080.37074, ave_rank=1788.5816, ave_auc=0.8977
2017-03-20 21:17:40,817 [INFO]: [#epoch=000050], loss=1062.55718, ave_rank=1780.0195, ave_auc=0.8982
2017-03-20 21:19:38,455 [INFO]: [#epoch=000051], loss=1045.57997, ave_rank=1771.6833, ave_auc=0.8987
2017-03-20 21:21:31,401 [INFO]: [#epoch=000052], loss=1029.40571, ave_rank=1763.5864, ave_auc=0.8991
2017-03-20 21:23:44,775 [INFO]: [#epoch=000053], loss=1014.00356, ave_rank=1755.6987, ave_auc=0.8996
2017-03-20 21:25:51,872 [INFO]: [#epoch=000054], loss=999.36238, ave_rank=1748.0457, ave_auc=0.9000
2017-03-20 21:28:06,692 [INFO]: [#epoch=000055], loss=985.47921, ave_rank=1740.5243, ave_auc=0.9004
2017-03-20 21:30:03,627 [INFO]: [#epoch=000056], loss=972.33433, ave_rank=1733.2114, ave_auc=0.9008
2017-03-20 21:31:56,806 [INFO]: [#epoch=000057], loss=959.88426, ave_rank=1725.9428, ave_auc=0.9012
2017-03-20 21:33:46,772 [INFO]: [#epoch=000058], loss=948.07775, ave_rank=1718.9074, ave_auc=0.9016
2017-03-20 21:35:32,251 [INFO]: [#epoch=000059], loss=936.87157, ave_rank=1711.8922, ave_auc=0.9020
2017-03-20 21:37:18,013 [INFO]: [#epoch=000060], loss=926.22825, ave_rank=1704.9361, ave_auc=0.9024
2017-03-20 21:39:03,085 [INFO]: [#epoch=000061], loss=916.10453, ave_rank=1698.0537, ave_auc=0.9028
2017-03-20 21:40:48,442 [INFO]: [#epoch=000062], loss=906.44959, ave_rank=1691.1354, ave_auc=0.9032
2017-03-20 21:42:33,946 [INFO]: [#epoch=000063], loss=897.21517, ave_rank=1684.2602, ave_auc=0.9036
2017-03-20 21:44:27,397 [INFO]: [#epoch=000064], loss=888.36309, ave_rank=1677.3468, ave_auc=0.9039
2017-03-20 21:46:18,169 [INFO]: [#epoch=000065], loss=879.86178, ave_rank=1670.4808, ave_auc=0.9043
2017-03-20 21:48:16,157 [INFO]: [#epoch=000066], loss=871.68015, ave_rank=1663.5956, ave_auc=0.9047
2017-03-20 21:50:25,981 [INFO]: [#epoch=000067], loss=863.78905, ave_rank=1656.7222, ave_auc=0.9051
2017-03-20 21:52:26,107 [INFO]: [#epoch=000068], loss=856.16748, ave_rank=1649.8305, ave_auc=0.9054
2017-03-20 21:54:32,298 [INFO]: [#epoch=000069], loss=848.80364, ave_rank=1642.9279, ave_auc=0.9058
2017-03-20 21:56:27,316 [INFO]: [#epoch=000070], loss=841.68924, ave_rank=1636.0006, ave_auc=0.9062
2017-03-20 21:58:39,565 [INFO]: [#epoch=000071], loss=834.81466, ave_rank=1629.0932, ave_auc=0.9066
2017-03-20 22:00:47,936 [INFO]: [#epoch=000072], loss=828.17025, ave_rank=1622.1978, ave_auc=0.9069
2017-03-20 22:03:04,028 [INFO]: [#epoch=000073], loss=821.74927, ave_rank=1615.2788, ave_auc=0.9073
2017-03-20 22:05:02,264 [INFO]: [#epoch=000074], loss=815.54664, ave_rank=1608.4118, ave_auc=0.9077
2017-03-20 22:15:55,153 [INFO]: [#epoch=000075], loss=809.55510, ave_rank=1601.5550, ave_auc=0.9080
2017-03-20 22:17:57,798 [INFO]: [#epoch=000076], loss=803.76399, ave_rank=1594.7162, ave_auc=0.9084
2017-03-20 22:19:57,978 [INFO]: [#epoch=000077], loss=798.16171, ave_rank=1587.8657, ave_auc=0.9088
2017-03-20 22:22:01,825 [INFO]: [#epoch=000078], loss=792.73764, ave_rank=1581.0366, ave_auc=0.9091
2017-03-20 22:24:11,348 [INFO]: [#epoch=000079], loss=787.48125, ave_rank=1574.1602, ave_auc=0.9095
2017-03-20 22:26:06,896 [INFO]: [#epoch=000080], loss=782.38086, ave_rank=1567.2198, ave_auc=0.9099
2017-03-20 22:27:56,186 [INFO]: [#epoch=000081], loss=777.42474, ave_rank=1560.2960, ave_auc=0.9102
2017-03-20 22:29:51,366 [INFO]: [#epoch=000082], loss=772.60315, ave_rank=1553.4470, ave_auc=0.9106
2017-03-20 22:31:41,664 [INFO]: [#epoch=000083], loss=767.90838, ave_rank=1546.6156, ave_auc=0.9110
2017-03-20 22:33:32,326 [INFO]: [#epoch=000084], loss=763.33340, ave_rank=1539.7067, ave_auc=0.9113
2017-03-20 22:35:23,536 [INFO]: [#epoch=000085], loss=758.87138, ave_rank=1532.7871, ave_auc=0.9117
2017-03-20 22:37:14,492 [INFO]: [#epoch=000086], loss=754.51649, ave_rank=1525.9038, ave_auc=0.9121
2017-03-20 22:39:02,155 [INFO]: [#epoch=000087], loss=750.26437, ave_rank=1519.0142, ave_auc=0.9125
2017-03-20 22:40:51,362 [INFO]: [#epoch=000088], loss=746.11127, ave_rank=1512.1152, ave_auc=0.9128
2017-03-20 22:42:45,724 [INFO]: [#epoch=000089], loss=742.05318, ave_rank=1505.2059, ave_auc=0.9132
2017-03-20 22:44:34,856 [INFO]: [#epoch=000090], loss=738.08598, ave_rank=1498.3877, ave_auc=0.9136
2017-03-20 22:46:19,075 [INFO]: [#epoch=000091], loss=734.20591, ave_rank=1491.5534, ave_auc=0.9139
2017-03-20 22:48:05,419 [INFO]: [#epoch=000092], loss=730.40939, ave_rank=1484.7412, ave_auc=0.9143
2017-03-20 22:49:54,938 [INFO]: [#epoch=000093], loss=726.69247, ave_rank=1477.9903, ave_auc=0.9147
2017-03-20 22:51:46,521 [INFO]: [#epoch=000094], loss=723.05081, ave_rank=1471.2250, ave_auc=0.9150
2017-03-20 22:53:40,645 [INFO]: [#epoch=000095], loss=719.48028, ave_rank=1464.4894, ave_auc=0.9154
2017-03-20 22:55:31,532 [INFO]: [#epoch=000096], loss=715.97704, ave_rank=1457.7721, ave_auc=0.9158
2017-03-20 22:57:25,765 [INFO]: [#epoch=000097], loss=712.53732, ave_rank=1450.9865, ave_auc=0.9161
2017-03-20 22:59:19,335 [INFO]: [#epoch=000098], loss=709.15740, ave_rank=1444.2735, ave_auc=0.9165
2017-03-20 23:01:05,852 [INFO]: [#epoch=000099], loss=705.83384, ave_rank=1437.6076, ave_auc=0.9169
