2017-03-27 14:47:11,175 [INFO]: loading data
2017-03-27 14:47:21,641 [INFO]: Dataset summary
2017-03-27 14:47:21,641 [INFO]: #13584 training items with #28617 training links
2017-03-27 14:47:21,641 [INFO]: #3396 testing items with #14273 testing links
2017-03-27 14:47:21,644 [INFO]: initializing rvae model
2017-03-27 14:49:47,658 [INFO]: loading data
2017-03-27 14:49:57,251 [INFO]: Dataset summary
2017-03-27 14:49:57,259 [INFO]: #13584 training items with #28617 training links
2017-03-27 14:49:57,260 [INFO]: #3396 testing items with #14273 testing links
2017-03-27 14:49:57,264 [INFO]: initializing rvae model
2017-03-27 14:50:01,697 [INFO]: Loading weights from model/pretrain
2017-03-27 14:50:33,208 [INFO]: loading data
2017-03-27 14:50:42,932 [INFO]: Dataset summary
2017-03-27 14:50:42,932 [INFO]: #13584 training items with #28617 training links
2017-03-27 14:50:42,932 [INFO]: #3396 testing items with #14273 testing links
2017-03-27 14:50:42,935 [INFO]: initializing rvae model
2017-03-27 14:50:47,014 [INFO]: Loading weights from model/pretrain
2017-03-27 14:51:17,602 [INFO]: loading data
2017-03-27 14:51:27,723 [INFO]: Dataset summary
2017-03-27 14:51:27,723 [INFO]: #13584 training items with #28617 training links
2017-03-27 14:51:27,724 [INFO]: #3396 testing items with #14273 testing links
2017-03-27 14:51:27,726 [INFO]: initializing rvae model
2017-03-27 14:51:31,903 [INFO]: Loading weights from model/pretrain
2017-03-27 14:56:39,398 [INFO]: loading data
2017-03-27 14:56:49,351 [INFO]: Dataset summary
2017-03-27 14:56:49,351 [INFO]: #13584 training items with #28617 training links
2017-03-27 14:56:49,352 [INFO]: #3396 testing items with #14273 testing links
2017-03-27 14:56:49,354 [INFO]: initializing rvae model
2017-03-27 14:56:53,475 [INFO]: Loading weights from model/pretrain
2017-03-27 15:03:20,501 [INFO]: loading data
2017-03-27 15:03:31,322 [INFO]: Dataset summary
2017-03-27 15:03:31,322 [INFO]: #13584 training items with #28617 training links
2017-03-27 15:03:31,323 [INFO]: #3396 testing items with #14273 testing links
2017-03-27 15:03:31,326 [INFO]: initializing rvae model
2017-03-27 15:07:14,235 [INFO]: loading data
2017-03-27 15:07:24,220 [INFO]: Dataset summary
2017-03-27 15:07:24,220 [INFO]: #13584 training items with #28617 training links
2017-03-27 15:07:24,220 [INFO]: #3396 testing items with #14273 testing links
2017-03-27 15:07:24,223 [INFO]: initializing rvae model
2017-03-27 15:07:55,790 [INFO]: loading data
2017-03-27 15:08:05,585 [INFO]: Dataset summary
2017-03-27 15:08:05,585 [INFO]: #13584 training items with #28617 training links
2017-03-27 15:08:05,585 [INFO]: #3396 testing items with #14273 testing links
2017-03-27 15:08:05,588 [INFO]: initializing rvae model
2017-03-27 15:08:25,408 [INFO]: loading data
2017-03-27 15:08:35,756 [INFO]: Dataset summary
2017-03-27 15:08:35,756 [INFO]: #13584 training items with #28617 training links
2017-03-27 15:08:35,757 [INFO]: #3396 testing items with #14273 testing links
2017-03-27 15:08:35,759 [INFO]: initializing rvae model
2017-03-27 15:09:23,745 [INFO]: loading data
2017-03-27 15:09:33,307 [INFO]: Dataset summary
2017-03-27 15:09:33,307 [INFO]: #13584 training items with #28617 training links
2017-03-27 15:09:33,307 [INFO]: #3396 testing items with #14273 testing links
2017-03-27 15:09:33,310 [INFO]: initializing rvae model
2017-03-27 15:09:36,850 [INFO]: Loading weights from model/pretrain
2017-03-27 15:13:27,294 [INFO]: loading data
2017-03-27 15:13:37,219 [INFO]: Dataset summary
2017-03-27 15:13:37,219 [INFO]: #13584 training items with #28617 training links
2017-03-27 15:13:37,219 [INFO]: #3396 testing items with #14273 testing links
2017-03-27 15:13:37,222 [INFO]: initializing rvae model
2017-03-27 15:13:40,841 [INFO]: Loading weights from model/pretrain
2017-03-27 15:21:12,125 [INFO]: loading data
2017-03-27 15:21:22,194 [INFO]: Dataset summary
2017-03-27 15:21:22,194 [INFO]: #13584 training items with #28617 training links
2017-03-27 15:21:22,194 [INFO]: #3396 testing items with #14273 testing links
2017-03-27 15:21:22,197 [INFO]: initializing rvae model
2017-03-27 15:21:26,461 [INFO]: Loading weights from model/pretrain
2017-03-27 15:29:23,286 [INFO]: [#epoch=000000], loss=720770.11621, neg_likelihood=19639.20499, gen_loss=82.58315, ave_rank=6993.5010, ave_auc=0.5907
2017-03-27 15:37:04,919 [INFO]: [#epoch=000001], loss=694694.55829, neg_likelihood=18791.22456, gen_loss=79.61170, ave_rank=6050.7147, ave_auc=0.6484
2017-03-27 15:44:28,221 [INFO]: [#epoch=000002], loss=717374.14092, neg_likelihood=17993.27688, gen_loss=82.37702, ave_rank=5293.9886, ave_auc=0.6894
